Framework.obj : error LNK2019: Verweis auf nicht aufgelöstes externes Symbol "_SDL_GetError" in Funktion ""public: bool __thiscall CFramework::Init(int,int,int,bool)" (?Init@CFramework@@QAE_NHHH_N@Z)".
Sprite.obj : error LNK2001: Nicht aufgelöstes externes Symbol "_SDL_GetError".
Framework.obj : error LNK2019: Verweis auf nicht aufgelöstes externes Symbol "_SDL_CreateWindow" in Funktion ""public: bool __thiscall CFramework::Init(int,int,int,bool)" (?Init@CFramework@@QAE_NHHH_N@Z)".
Framework.obj : error LNK2019: Verweis auf nicht aufgelöstes externes Symbol "_SDL_DestroyWindow" in Funktion ""public: void __thiscall CFramework::Quit(void)" (?Quit@CFramework@@QAEXXZ)".
Framework.obj : error LNK2019: Verweis auf nicht aufgelöstes externes Symbol "_SDL_GetKeyboardState" in Funktion ""public: bool __thiscall CFramework::Init(int,int,int,bool)" (?Init@CFramework@@QAE_NHHH_N@Z)".
Framework.obj : error LNK2019: Verweis auf nicht aufgelöstes externes Symbol "_SDL_PumpEvents" in Funktion ""public: void __thiscall CFramework::Update(void)" (?Update@CFramework@@QAEXXZ)".
Framework.obj : error LNK2019: Verweis auf nicht aufgelöstes externes Symbol "_SDL_CreateRenderer" in Funktion ""public: bool __thiscall CFramework::Init(int,int,int,bool)" (?Init@CFramework@@QAE_NHHH_N@Z)".
Framework.obj : error LNK2019: Verweis auf nicht aufgelöstes externes Symbol "_SDL_SetRenderDrawColor" in Funktion ""public: void __thiscall CFramework::Clear(void)" (?Clear@CFramework@@QAEXXZ)".
Framework.obj : error LNK2019: Verweis auf nicht aufgelöstes externes Symbol "_SDL_RenderClear" in Funktion ""public: void __thiscall CFramework::Clear(void)" (?Clear@CFramework@@QAEXXZ)".
Framework.obj : error LNK2019: Verweis auf nicht aufgelöstes externes Symbol "_SDL_RenderPresent" in Funktion ""public: void __thiscall CFramework::Render(void)" (?Render@CFramework@@QAEXXZ)".
Framework.obj : error LNK2019: Verweis auf nicht aufgelöstes externes Symbol "_SDL_DestroyRenderer" in Funktion ""public: void __thiscall CFramework::Quit(void)" (?Quit@CFramework@@QAEXXZ)".
Framework.obj : error LNK2019: Verweis auf nicht aufgelöstes externes Symbol "_SDL_Init" in Funktion ""public: bool __thiscall CFramework::Init(int,int,int,bool)" (?Init@CFramework@@QAE_NHHH_N@Z)".
Framework.obj : error LNK2019: Verweis auf nicht aufgelöstes externes Symbol "_SDL_Quit" in Funktion ""public: void __thiscall CFramework::Quit(void)" (?Quit@CFramework@@QAEXXZ)".
Game.obj : error LNK2019: Verweis auf nicht aufgelöstes externes Symbol "_SDL_PollEvent" in Funktion ""private: void __thiscall CGame::ProcessEvents(void)" (?ProcessEvents@CGame@@AAEXXZ)".
Sprite.obj : error LNK2019: Verweis auf nicht aufgelöstes externes Symbol "_SDL_RWFromFile" in Funktion ""public: void __thiscall CSprite::Load(class std::basic_string<char,struct std::char_traits<char>,class std::allocator<char> >)" (?Load@CSprite@@QAEXV?$basic_string@DU?$char_traits@D@std@@V?$allocator@D@2@@std@@@Z)".
Sprite.obj : error LNK2019: Verweis auf nicht aufgelöstes externes Symbol "_SDL_MapRGB" in Funktion ""public: void __thiscall CSprite::Load(class std::basic_string<char,struct std::char_traits<char>,class std::allocator<char> >)" (?Load@CSprite@@QAEXV?$basic_string@DU?$char_traits@D@std@@V?$allocator@D@2@@std@@@Z)".
Sprite.obj : error LNK2019: Verweis auf nicht aufgelöstes externes Symbol "_SDL_FreeSurface" in Funktion ""public: void __thiscall CSprite::Load(class std::basic_string<char,struct std::char_traits<char>,class std::allocator<char> >)" (?Load@CSprite@@QAEXV?$basic_string@DU?$char_traits@D@std@@V?$allocator@D@2@@std@@@Z)".
Sprite.obj : error LNK2019: Verweis auf nicht aufgelöstes externes Symbol "_SDL_LoadBMP_RW" in Funktion ""public: void __thiscall CSprite::Load(class std::basic_string<char,struct std::char_traits<char>,class std::allocator<char> >)" (?Load@CSprite@@QAEXV?$basic_string@DU?$char_traits@D@std@@V?$allocator@D@2@@std@@@Z)".
Sprite.obj : error LNK2019: Verweis auf nicht aufgelöstes externes Symbol "_SDL_SetColorKey" in Funktion ""public: void __thiscall CSprite::Load(class std::basic_string<char,struct std::char_traits<char>,class std::allocator<char> >)" (?Load@CSprite@@QAEXV?$basic_string@DU?$char_traits@D@std@@V?$allocator@D@2@@std@@@Z)".
Sprite.obj : error LNK2019: Verweis auf nicht aufgelöstes externes Symbol "_SDL_CreateTextureFromSurface" in Funktion ""public: void __thiscall CSprite::Load(class std::basic_string<char,struct std::char_traits<char>,class std::allocator<char> >)" (?Load@CSprite@@QAEXV?$basic_string@DU?$char_traits@D@std@@V?$allocator@D@2@@std@@@Z)".
Sprite.obj : error LNK2019: Verweis auf nicht aufgelöstes externes Symbol "_SDL_RenderCopy" in Funktion ""public: void __thiscall CSprite::Render(float)" (?Render@CSprite@@QAEXM@Z)".
Sprite.obj : error LNK2019: Verweis auf nicht aufgelöstes externes Symbol "_SDL_DestroyTexture" in Funktion ""public: __thiscall CSprite::~CSprite(void)" (??1CSprite@@QAE@XZ)".
Timer.obj : error LNK2019: Verweis auf nicht aufgelöstes externes Symbol "_SDL_GetTicks" in Funktion ""public: __thiscall CTimer::CTimer(void)" (??0CTimer@@QAE@XZ)".
MSVCRTD.lib(exe_main.obj) : error LNK2019: Verweis auf nicht aufgelöstes externes Symbol "_main" in Funktion ""int __cdecl invoke_main(void)" (?invoke_main@@YAHXZ)".
H:\source\alexanderbehrens1978\SDL_Game\Debug\SDL_Game.exe : fatal error LNK1120: 23 nicht aufgelöste Externe
